
*** Running xst
    with args -ifn "mojo_top_0.xst" -ofn "mojo_top_0.srp" -intstyle ise

Reading design: mojo_top_0.prj

=========================================================================
*                          HDL Parsing                                  *
=========================================================================
Analyzing Verilog file "D:/mojo/FullAdderFSM/work/planAhead/FullAdderFSM/FullAdderFSM.srcs/sources_1/imports/verilog/reset_conditioner_1.v" into library work
Parsing module <reset_conditioner_1>.
Analyzing Verilog file "D:/mojo/FullAdderFSM/work/planAhead/FullAdderFSM/FullAdderFSM.srcs/sources_1/imports/verilog/fulladder_FSM_2.v" into library work
Parsing module <fulladder_FSM_2>.
Analyzing Verilog file "D:/mojo/FullAdderFSM/work/planAhead/FullAdderFSM/FullAdderFSM.srcs/sources_1/imports/verilog/mojo_top_0.v" into library work
Parsing module <mojo_top_0>.

=========================================================================
*                            HDL Elaboration                            *
=========================================================================

Elaborating module <mojo_top_0>.

Elaborating module <reset_conditioner_1>.

Elaborating module <fulladder_FSM_2>.

=========================================================================
*                           HDL Synthesis                               *
=========================================================================

Synthesizing Unit <mojo_top_0>.
    Related source file is "D:/mojo/FullAdderFSM/work/planAhead/FullAdderFSM/FullAdderFSM.srcs/sources_1/imports/verilog/mojo_top_0.v".
WARNING:Xst:647 - Input <io_dip<15:3>> is never used. This port will be preserved and left unconnected if it belongs to a top-level block or it belongs to a sub-block and the hierarchy of this sub-block is preserved.
WARNING:Xst:647 - Input <io_dip<23:17>> is never used. This port will be preserved and left unconnected if it belongs to a top-level block or it belongs to a sub-block and the hierarchy of this sub-block is preserved.
    Found 1-bit tristate buffer for signal <spi_miso> created at line 61
    Found 1-bit tristate buffer for signal <spi_channel<3>> created at line 61
    Found 1-bit tristate buffer for signal <spi_channel<2>> created at line 61
    Found 1-bit tristate buffer for signal <spi_channel<1>> created at line 61
    Found 1-bit tristate buffer for signal <spi_channel<0>> created at line 61
    Found 1-bit tristate buffer for signal <avr_rx> created at line 61
    Summary:
	inferred   6 Tristate(s).
Unit <mojo_top_0> synthesized.

Synthesizing Unit <reset_conditioner_1>.
    Related source file is "D:/mojo/FullAdderFSM/work/planAhead/FullAdderFSM/FullAdderFSM.srcs/sources_1/imports/verilog/reset_conditioner_1.v".
    Found 4-bit register for signal <M_stage_q>.
    Summary:
	inferred   4 D-type flip-flop(s).
Unit <reset_conditioner_1> synthesized.

Synthesizing Unit <fulladder_FSM_2>.
    Related source file is "D:/mojo/FullAdderFSM/work/planAhead/FullAdderFSM/FullAdderFSM.srcs/sources_1/imports/verilog/fulladder_FSM_2.v".
    Found 27-bit register for signal <M_count_q>.
    Found 4-bit register for signal <M_state_q>.
    Found finite state machine <FSM_0> for signal <M_state_q>.
    -----------------------------------------------------------------------
    | States             | 9                                              |
    | Transitions        | 34                                             |
    | Inputs             | 7                                              |
    | Outputs            | 11                                             |
    | Clock              | clk (rising_edge)                              |
    | Reset              | rst (positive)                                 |
    | Reset type         | synchronous                                    |
    | Reset State        | 0000                                           |
    | Power Up State     | 0000                                           |
    | Encoding           | auto                                           |
    | Implementation     | LUT                                            |
    -----------------------------------------------------------------------
    Found 27-bit adder for signal <M_count_d> created at line 41.
    Summary:
	inferred   1 Adder/Subtractor(s).
	inferred  27 D-type flip-flop(s).
	inferred   4 Multiplexer(s).
	inferred   1 Finite State Machine(s).
Unit <fulladder_FSM_2> synthesized.

=========================================================================
HDL Synthesis Report

Macro Statistics
# Adders/Subtractors                                   : 1
 27-bit adder                                          : 1
# Registers                                            : 2
 27-bit register                                       : 1
 4-bit register                                        : 1
# Multiplexers                                         : 4
 1-bit 2-to-1 multiplexer                              : 3
 8-bit 2-to-1 multiplexer                              : 1
# Tristates                                            : 6
 1-bit tristate buffer                                 : 6
# FSMs                                                 : 1

=========================================================================

=========================================================================
*                       Advanced HDL Synthesis                          *
=========================================================================


Synthesizing (advanced) Unit <fulladder_FSM_2>.
The following registers are absorbed into counter <M_count_q>: 1 register on signal <M_count_q>.
Unit <fulladder_FSM_2> synthesized (advanced).

=========================================================================
Advanced HDL Synthesis Report

Macro Statistics
# Counters                                             : 1
 27-bit up counter                                     : 1
# Registers                                            : 4
 Flip-Flops                                            : 4
# Multiplexers                                         : 4
 1-bit 2-to-1 multiplexer                              : 3
 8-bit 2-to-1 multiplexer                              : 1
# FSMs                                                 : 1

=========================================================================

=========================================================================
*                         Low Level Synthesis                           *
=========================================================================
Analyzing FSM <MFsm> for best encoding.
Optimizing FSM <fulladder_FSM/FSM_0> on signal <M_state_q[1:4]> with user encoding.
-------------------
 State | Encoding
-------------------
 0000  | 0000
 0001  | 0001
 1000  | 1000
 0010  | 0010
 0011  | 0011
 0100  | 0100
 0101  | 0101
 0110  | 0110
 0111  | 0111
-------------------

Optimizing unit <mojo_top_0> ...

Optimizing unit <fulladder_FSM_2> ...

Mapping all equations...
Building and optimizing final netlist ...
Found area constraint ratio of 100 (+ 0) on block mojo_top_0, actual ratio is 0.

Final Macro Processing ...

Processing Unit <mojo_top_0> :
INFO:Xst:741 - HDL ADVISOR - A 4-bit shift register was found for signal <reset_cond/M_stage_q_3> and currently occupies 4 logic cells (2 slices). Removing the set/reset logic would take advantage of SRL32 (and derived) primitives and reduce this to 1 logic cells (1 slices). Evaluate if the set/reset can be removed for this simple shift register. The majority of simple pipeline structures do not need to be set/reset operationally.
Unit <mojo_top_0> processed.

=========================================================================
Final Register Report

Macro Statistics
# Registers                                            : 35
 Flip-Flops                                            : 35

=========================================================================

=========================================================================
*                           Partition Report                            *
=========================================================================

Partition Implementation Status
-------------------------------

  No Partitions were found in this design.

-------------------------------

=========================================================================
*                            Design Summary                             *
=========================================================================

Clock Information:
------------------
-----------------------------------+------------------------+-------+
Clock Signal                       | Clock buffer(FF name)  | Load  |
-----------------------------------+------------------------+-------+
clk                                | BUFGP                  | 35    |
-----------------------------------+------------------------+-------+

Asynchronous Control Signals Information:
----------------------------------------
No asynchronous control signals found in this design

Timing Summary:
---------------
Speed Grade: -2

   Minimum period: 2.941ns (Maximum Frequency: 340.020MHz)
   Minimum input arrival time before clock: 3.888ns
   Maximum output required time after clock: 5.576ns
   Maximum combinational path delay: 6.747ns

=========================================================================
